<?xml version="1.0" encoding="UTF-8"?>
<!-- Generated by org.testng.reporters.JUnitXMLReporter -->
<testsuite ignored="0" hostname="IN-D38K1N3" failures="0" tests="3" name="Default test" time="27.773" errors="0" timestamp="2022-10-02T16:40:58 IST">
  <testcase classname="com.test.LoginPageTest" name="LoginTest1" time="3.483"/>
  <testcase classname="com.test.LoginPageTest" name="LoginTest2" time="1.706"/>
  <testcase classname="com.test.LoginPageTest" name="LoginTest3" time="3.278"/>
</testsuite> <!-- Default test -->
