<?xml version="1.0" encoding="UTF-8"?>
<testng-results ignored="0" total="3" passed="3" failed="0" skipped="0">
  <reporter-output>
  </reporter-output>
  <suite started-at="2022-10-02T16:40:30 IST" name="Default suite" finished-at="2022-10-02T16:40:58 IST" duration-ms="27773">
    <groups>
    </groups>
    <test started-at="2022-10-02T16:40:30 IST" name="Default test" finished-at="2022-10-02T16:40:58 IST" duration-ms="27773">
      <class name="com.test.LoginPageTest">
        <test-method is-config="true" signature="init()[pri:0, instance:com.test.LoginPageTest@533377b]" started-at="2022-10-02T16:40:30 IST" name="init" finished-at="2022-10-02T16:40:30 IST" duration-ms="111" status="PASS">
          <reporter-output>
          </reporter-output>
        </test-method> <!-- init -->
        <test-method is-config="true" signature="startTest(java.lang.reflect.Method)[pri:0, instance:com.test.LoginPageTest@533377b]" started-at="2022-10-02T16:40:30 IST" name="startTest" finished-at="2022-10-02T16:40:30 IST" duration-ms="3" status="PASS">
          <params>
            <param index="0">
              <value>
                <![CDATA[public void com.test.LoginPageTest.LoginTest1() throws java.lang.InterruptedException,java.io.IOException]]>
              </value>
            </param>
          </params>
          <reporter-output>
          </reporter-output>
        </test-method> <!-- startTest -->
        <test-method is-config="true" signature="setUp()[pri:0, instance:com.test.LoginPageTest@533377b]" started-at="2022-10-02T16:40:30 IST" name="setUp" finished-at="2022-10-02T16:40:38 IST" duration-ms="8034" status="PASS">
          <reporter-output>
          </reporter-output>
        </test-method> <!-- setUp -->
        <test-method signature="LoginTest1()[pri:1, instance:com.test.LoginPageTest@533377b]" started-at="2022-10-02T16:40:38 IST" name="LoginTest1" finished-at="2022-10-02T16:40:41 IST" duration-ms="3483" status="PASS">
          <reporter-output>
          </reporter-output>
        </test-method> <!-- LoginTest1 -->
        <test-method is-config="true" signature="tearDown()[pri:0, instance:com.test.LoginPageTest@533377b]" started-at="2022-10-02T16:40:41 IST" name="tearDown" finished-at="2022-10-02T16:40:42 IST" duration-ms="583" status="PASS">
          <reporter-output>
          </reporter-output>
        </test-method> <!-- tearDown -->
        <test-method is-config="true" signature="testResult(org.testng.ITestResult)[pri:0, instance:com.test.LoginPageTest@533377b]" started-at="2022-10-02T16:40:42 IST" name="testResult" finished-at="2022-10-02T16:40:42 IST" duration-ms="1" status="PASS">
          <params>
            <param index="0">
              <value>
                <![CDATA[[TestResult name=LoginTest1 status=SUCCESS method=LoginPageTest.LoginTest1()[pri:1, instance:com.test.LoginPageTest@533377b] output={null}]]]>
              </value>
            </param>
          </params>
          <reporter-output>
          </reporter-output>
        </test-method> <!-- testResult -->
        <test-method is-config="true" signature="setUp()[pri:0, instance:com.test.LoginPageTest@533377b]" started-at="2022-10-02T16:40:42 IST" name="setUp" finished-at="2022-10-02T16:40:45 IST" duration-ms="3212" status="PASS">
          <reporter-output>
          </reporter-output>
        </test-method> <!-- setUp -->
        <test-method is-config="true" signature="startTest(java.lang.reflect.Method)[pri:0, instance:com.test.LoginPageTest@533377b]" started-at="2022-10-02T16:40:42 IST" name="startTest" finished-at="2022-10-02T16:40:42 IST" duration-ms="0" status="PASS">
          <params>
            <param index="0">
              <value>
                <![CDATA[public void com.test.LoginPageTest.LoginTest2() throws java.lang.Exception]]>
              </value>
            </param>
          </params>
          <reporter-output>
          </reporter-output>
        </test-method> <!-- startTest -->
        <test-method signature="LoginTest2()[pri:2, instance:com.test.LoginPageTest@533377b]" started-at="2022-10-02T16:40:45 IST" name="LoginTest2" finished-at="2022-10-02T16:40:47 IST" duration-ms="1706" status="PASS">
          <reporter-output>
          </reporter-output>
        </test-method> <!-- LoginTest2 -->
        <test-method is-config="true" signature="tearDown()[pri:0, instance:com.test.LoginPageTest@533377b]" started-at="2022-10-02T16:40:47 IST" name="tearDown" finished-at="2022-10-02T16:40:48 IST" duration-ms="581" status="PASS">
          <reporter-output>
          </reporter-output>
        </test-method> <!-- tearDown -->
        <test-method is-config="true" signature="testResult(org.testng.ITestResult)[pri:0, instance:com.test.LoginPageTest@533377b]" started-at="2022-10-02T16:40:48 IST" name="testResult" finished-at="2022-10-02T16:40:48 IST" duration-ms="0" status="PASS">
          <params>
            <param index="0">
              <value>
                <![CDATA[[TestResult name=LoginTest2 status=SUCCESS method=LoginPageTest.LoginTest2()[pri:2, instance:com.test.LoginPageTest@533377b] output={null}]]]>
              </value>
            </param>
          </params>
          <reporter-output>
          </reporter-output>
        </test-method> <!-- testResult -->
        <test-method is-config="true" signature="setUp()[pri:0, instance:com.test.LoginPageTest@533377b]" started-at="2022-10-02T16:40:48 IST" name="setUp" finished-at="2022-10-02T16:40:54 IST" duration-ms="6284" status="PASS">
          <reporter-output>
          </reporter-output>
        </test-method> <!-- setUp -->
        <test-method is-config="true" signature="startTest(java.lang.reflect.Method)[pri:0, instance:com.test.LoginPageTest@533377b]" started-at="2022-10-02T16:40:48 IST" name="startTest" finished-at="2022-10-02T16:40:48 IST" duration-ms="0" status="PASS">
          <params>
            <param index="0">
              <value>
                <![CDATA[public void com.test.LoginPageTest.LoginTest3() throws java.lang.Exception]]>
              </value>
            </param>
          </params>
          <reporter-output>
          </reporter-output>
        </test-method> <!-- startTest -->
        <test-method signature="LoginTest3()[pri:3, instance:com.test.LoginPageTest@533377b]" started-at="2022-10-02T16:40:54 IST" name="LoginTest3" finished-at="2022-10-02T16:40:57 IST" duration-ms="3278" status="PASS">
          <reporter-output>
          </reporter-output>
        </test-method> <!-- LoginTest3 -->
        <test-method is-config="true" signature="tearDown()[pri:0, instance:com.test.LoginPageTest@533377b]" started-at="2022-10-02T16:40:57 IST" name="tearDown" finished-at="2022-10-02T16:40:58 IST" duration-ms="586" status="PASS">
          <reporter-output>
          </reporter-output>
        </test-method> <!-- tearDown -->
        <test-method is-config="true" signature="testResult(org.testng.ITestResult)[pri:0, instance:com.test.LoginPageTest@533377b]" started-at="2022-10-02T16:40:58 IST" name="testResult" finished-at="2022-10-02T16:40:58 IST" duration-ms="1" status="PASS">
          <params>
            <param index="0">
              <value>
                <![CDATA[[TestResult name=LoginTest3 status=SUCCESS method=LoginPageTest.LoginTest3()[pri:3, instance:com.test.LoginPageTest@533377b] output={null}]]]>
              </value>
            </param>
          </params>
          <reporter-output>
          </reporter-output>
        </test-method> <!-- testResult -->
        <test-method is-config="true" signature="reportFlush()[pri:0, instance:com.test.LoginPageTest@533377b]" started-at="2022-10-02T16:40:58 IST" name="reportFlush" finished-at="2022-10-02T16:40:58 IST" duration-ms="150" status="PASS">
          <reporter-output>
          </reporter-output>
        </test-method> <!-- reportFlush -->
      </class> <!-- com.test.LoginPageTest -->
    </test> <!-- Default test -->
  </suite> <!-- Default suite -->
</testng-results>
